  Determining projects to restore...
  All projects are up-to-date for restore.
  
  > mosaic-portal-web@1.0.0 build:css
  > postcss Styles/app.css -o wwwroot/css/app.css
  
  MosaicPortal.ServiceDefaults -> C:\Development\Development-Projects\Cruip-Templates\Mosaic-Portal\Blazor-Tailwindcss\MosaicPortal.ServiceDefaults\bin\Debug\net9.0\MosaicPortal.ServiceDefaults.dll
C:\Development\Development-Projects\Cruip-Templates\Mosaic-Portal\Blazor-Tailwindcss\MosaicPortal.Web\Components\Shared\GlobalSearch.razor(330,11): error RZ9980: Unclosed tag '' with no matching end tag. [C:\Development\Development-Projects\Cruip-Templates\Mosaic-Portal\Blazor-Tailwindcss\MosaicPortal.Web\MosaicPortal.Web.csproj]
C:\Development\Development-Projects\Cruip-Templates\Mosaic-Portal\Blazor-Tailwindcss\MosaicPortal.Web\Components\Shared\GlobalSearch.razor(330,15): error RZ10007: The attribute 'return' is used two or more times for this element. Attributes must be unique (case-insensitive). [C:\Development\Development-Projects\Cruip-Templates\Mosaic-Portal\Blazor-Tailwindcss\MosaicPortal.Web\MosaicPortal.Web.csproj]
C:\Development\Development-Projects\Cruip-Templates\Mosaic-Portal\Blazor-Tailwindcss\MosaicPortal.Web\Components\Shared\GlobalSearch.razor(334,49): error RZ1003: A space or line break was encountered after the "@" character.  Only valid identifiers, keywords, comments, "(" and "{" are valid at the start of a code block and they must occur immediately following "@" with no space in between. [C:\Development\Development-Projects\Cruip-Templates\Mosaic-Portal\Blazor-Tailwindcss\MosaicPortal.Web\MosaicPortal.Web.csproj]
C:\Development\Development-Projects\Cruip-Templates\Mosaic-Portal\Blazor-Tailwindcss\MosaicPortal.Web\Components\Shared\GlobalSearch.razor(339,53): error RZ1003: A space or line break was encountered after the "@" character.  Only valid identifiers, keywords, comments, "(" and "{" are valid at the start of a code block and they must occur immediately following "@" with no space in between. [C:\Development\Development-Projects\Cruip-Templates\Mosaic-Portal\Blazor-Tailwindcss\MosaicPortal.Web\MosaicPortal.Web.csproj]
C:\Development\Development-Projects\Cruip-Templates\Mosaic-Portal\Blazor-Tailwindcss\MosaicPortal.Web\Components\Shared\GlobalSearch.razor(344,51): error RZ1003: A space or line break was encountered after the "@" character.  Only valid identifiers, keywords, comments, "(" and "{" are valid at the start of a code block and they must occur immediately following "@" with no space in between. [C:\Development\Development-Projects\Cruip-Templates\Mosaic-Portal\Blazor-Tailwindcss\MosaicPortal.Web\MosaicPortal.Web.csproj]
C:\Development\Development-Projects\Cruip-Templates\Mosaic-Portal\Blazor-Tailwindcss\MosaicPortal.Web\Components\Shared\GlobalSearch.razor(349,48): error RZ1003: A space or line break was encountered after the "@" character.  Only valid identifiers, keywords, comments, "(" and "{" are valid at the start of a code block and they must occur immediately following "@" with no space in between. [C:\Development\Development-Projects\Cruip-Templates\Mosaic-Portal\Blazor-Tailwindcss\MosaicPortal.Web\MosaicPortal.Web.csproj]
C:\Development\Development-Projects\Cruip-Templates\Mosaic-Portal\Blazor-Tailwindcss\MosaicPortal.Web\Components\Shared\GlobalSearch.razor(354,50): error RZ1003: A space or line break was encountered after the "@" character.  Only valid identifiers, keywords, comments, "(" and "{" are valid at the start of a code block and they must occur immediately following "@" with no space in between. [C:\Development\Development-Projects\Cruip-Templates\Mosaic-Portal\Blazor-Tailwindcss\MosaicPortal.Web\MosaicPortal.Web.csproj]
C:\Development\Development-Projects\Cruip-Templates\Mosaic-Portal\Blazor-Tailwindcss\MosaicPortal.Web\Components\Shared\GlobalSearch.razor(359,52): error RZ1003: A space or line break was encountered after the "@" character.  Only valid identifiers, keywords, comments, "(" and "{" are valid at the start of a code block and they must occur immediately following "@" with no space in between. [C:\Development\Development-Projects\Cruip-Templates\Mosaic-Portal\Blazor-Tailwindcss\MosaicPortal.Web\MosaicPortal.Web.csproj]
C:\Development\Development-Projects\Cruip-Templates\Mosaic-Portal\Blazor-Tailwindcss\MosaicPortal.Web\Components\Shared\GlobalSearch.razor(360,1): error RZ9980: Unclosed tag 'svg' with no matching end tag. [C:\Development\Development-Projects\Cruip-Templates\Mosaic-Portal\Blazor-Tailwindcss\MosaicPortal.Web\MosaicPortal.Web.csproj]
C:\Development\Development-Projects\Cruip-Templates\Mosaic-Portal\Blazor-Tailwindcss\MosaicPortal.Web\Components\Shared\InfiniteScroll.razor(38,1): error RZ9981: Unexpected closing tag 'div' with no matching start tag. [C:\Development\Development-Projects\Cruip-Templates\Mosaic-Portal\Blazor-Tailwindcss\MosaicPortal.Web\MosaicPortal.Web.csproj]
C:\Development\Development-Projects\Cruip-Templates\Mosaic-Portal\Blazor-Tailwindcss\MosaicPortal.Web\Components\Shared\ModalBlank.razor(3,2): error RZ1006: The if block is missing a closing "}" character.  Make sure you have a matching "}" character for all the "{" characters within this block, and that none of the "}" characters are being interpreted as markup. [C:\Development\Development-Projects\Cruip-Templates\Mosaic-Portal\Blazor-Tailwindcss\MosaicPortal.Web\MosaicPortal.Web.csproj]
C:\Development\Development-Projects\Cruip-Templates\Mosaic-Portal\Blazor-Tailwindcss\MosaicPortal.Web\Components\Shared\ModalBlank.razor(9,5): error RZ9980: Unclosed tag 'div' with no matching end tag. [C:\Development\Development-Projects\Cruip-Templates\Mosaic-Portal\Blazor-Tailwindcss\MosaicPortal.Web\MosaicPortal.Web.csproj]
C:\Development\Development-Projects\Cruip-Templates\Mosaic-Portal\Blazor-Tailwindcss\MosaicPortal.Web\Components\Shared\ModalBlank.razor(9,6): error RZ1025: The "div" element was not closed.  All elements must be either self-closing or have a matching end tag. [C:\Development\Development-Projects\Cruip-Templates\Mosaic-Portal\Blazor-Tailwindcss\MosaicPortal.Web\MosaicPortal.Web.csproj]
C:\Development\Development-Projects\Cruip-Templates\Mosaic-Portal\Blazor-Tailwindcss\MosaicPortal.Web\Components\Shared\ModalBlank.razor(10,6): error RZ1034: Found a malformed 'div' tag helper. Tag helpers must have a start and end tag or be self closing. [C:\Development\Development-Projects\Cruip-Templates\Mosaic-Portal\Blazor-Tailwindcss\MosaicPortal.Web\MosaicPortal.Web.csproj]
C:\Development\Development-Projects\Cruip-Templates\Mosaic-Portal\Blazor-Tailwindcss\MosaicPortal.Web\Components\Shared\ModalSearch.razor(3,2): error RZ1006: The if block is missing a closing "}" character.  Make sure you have a matching "}" character for all the "{" characters within this block, and that none of the "}" characters are being interpreted as markup. [C:\Development\Development-Projects\Cruip-Templates\Mosaic-Portal\Blazor-Tailwindcss\MosaicPortal.Web\MosaicPortal.Web.csproj]
C:\Development\Development-Projects\Cruip-Templates\Mosaic-Portal\Blazor-Tailwindcss\MosaicPortal.Web\Components\Shared\ModalSearch.razor(9,5): error RZ9980: Unclosed tag 'div' with no matching end tag. [C:\Development\Development-Projects\Cruip-Templates\Mosaic-Portal\Blazor-Tailwindcss\MosaicPortal.Web\MosaicPortal.Web.csproj]
C:\Development\Development-Projects\Cruip-Templates\Mosaic-Portal\Blazor-Tailwindcss\MosaicPortal.Web\Components\Shared\ModalSearch.razor(9,6): error RZ1025: The "div" element was not closed.  All elements must be either self-closing or have a matching end tag. [C:\Development\Development-Projects\Cruip-Templates\Mosaic-Portal\Blazor-Tailwindcss\MosaicPortal.Web\MosaicPortal.Web.csproj]
C:\Development\Development-Projects\Cruip-Templates\Mosaic-Portal\Blazor-Tailwindcss\MosaicPortal.Web\Components\Shared\ModalSearch.razor(10,6): error RZ1034: Found a malformed 'div' tag helper. Tag helpers must have a start and end tag or be self closing. [C:\Development\Development-Projects\Cruip-Templates\Mosaic-Portal\Blazor-Tailwindcss\MosaicPortal.Web\MosaicPortal.Web.csproj]
C:\Development\Development-Projects\Cruip-Templates\Mosaic-Portal\Blazor-Tailwindcss\MosaicPortal.Web\Components\Shared\ModalSearch.razor(24,5): error RZ9980: Unclosed tag 'div' with no matching end tag. [C:\Development\Development-Projects\Cruip-Templates\Mosaic-Portal\Blazor-Tailwindcss\MosaicPortal.Web\MosaicPortal.Web.csproj]
C:\Development\Development-Projects\Cruip-Templates\Mosaic-Portal\Blazor-Tailwindcss\MosaicPortal.Web\Components\Shared\OnboardingTour.razor(107,1): error RZ9980: Unclosed tag 'ElementRect' with no matching end tag. [C:\Development\Development-Projects\Cruip-Templates\Mosaic-Portal\Blazor-Tailwindcss\MosaicPortal.Web\MosaicPortal.Web.csproj]
C:\Development\Development-Projects\Cruip-Templates\Mosaic-Portal\Blazor-Tailwindcss\MosaicPortal.Web\Components\Shared\OnboardingTour.razor(107,1): warning RZ10012: Found markup element with unexpected name 'ElementRect'. If this is intended to be a component, add a @using directive for its namespace. [C:\Development\Development-Projects\Cruip-Templates\Mosaic-Portal\Blazor-Tailwindcss\MosaicPortal.Web\MosaicPortal.Web.csproj]
C:\Development\Development-Projects\Cruip-Templates\Mosaic-Portal\Blazor-Tailwindcss\MosaicPortal.Web\Components\Shared\OnboardingTour.razor(142,22): error RZ9980: Unclosed tag '' with no matching end tag. [C:\Development\Development-Projects\Cruip-Templates\Mosaic-Portal\Blazor-Tailwindcss\MosaicPortal.Web\MosaicPortal.Web.csproj]
C:\Development\Development-Projects\Cruip-Templates\Mosaic-Portal\Blazor-Tailwindcss\MosaicPortal.Web\Components\Shared\OnboardingTour.razor(142,40): error RZ10007: The attribute '{' is used two or more times for this element. Attributes must be unique (case-insensitive). [C:\Development\Development-Projects\Cruip-Templates\Mosaic-Portal\Blazor-Tailwindcss\MosaicPortal.Web\MosaicPortal.Web.csproj]
C:\Development\Development-Projects\Cruip-Templates\Mosaic-Portal\Blazor-Tailwindcss\MosaicPortal.Web\Components\Shared\OnboardingTour.razor(145,25): error RZ10007: The attribute '}' is used two or more times for this element. Attributes must be unique (case-insensitive). [C:\Development\Development-Projects\Cruip-Templates\Mosaic-Portal\Blazor-Tailwindcss\MosaicPortal.Web\MosaicPortal.Web.csproj]
C:\Development\Development-Projects\Cruip-Templates\Mosaic-Portal\Blazor-Tailwindcss\MosaicPortal.Web\Components\Shared\ThemeSwitcher.razor(24,1): error RZ9981: Unexpected closing tag 'div' with no matching start tag. [C:\Development\Development-Projects\Cruip-Templates\Mosaic-Portal\Blazor-Tailwindcss\MosaicPortal.Web\MosaicPortal.Web.csproj]
C:\Development\Development-Projects\Cruip-Templates\Mosaic-Portal\Blazor-Tailwindcss\MosaicPortal.Web\Components\Shared\ThemeSwitcher.razor(51,1): error RZ9981: Unexpected closing tag 'div' with no matching start tag. [C:\Development\Development-Projects\Cruip-Templates\Mosaic-Portal\Blazor-Tailwindcss\MosaicPortal.Web\MosaicPortal.Web.csproj]
C:\Development\Development-Projects\Cruip-Templates\Mosaic-Portal\Blazor-Tailwindcss\MosaicPortal.Web\Components\Shared\ThemeSwitcher.razor(61,1): error RZ9980: Unclosed tag 'string' with no matching end tag. [C:\Development\Development-Projects\Cruip-Templates\Mosaic-Portal\Blazor-Tailwindcss\MosaicPortal.Web\MosaicPortal.Web.csproj]
C:\Development\Development-Projects\Cruip-Templates\Mosaic-Portal\Blazor-Tailwindcss\MosaicPortal.Web\Components\Shared\ThemeSwitcher.razor(72,1): error RZ9980: Unclosed tag 'string' with no matching end tag. [C:\Development\Development-Projects\Cruip-Templates\Mosaic-Portal\Blazor-Tailwindcss\MosaicPortal.Web\MosaicPortal.Web.csproj]
C:\Development\Development-Projects\Cruip-Templates\Mosaic-Portal\Blazor-Tailwindcss\MosaicPortal.Web\Components\Shared\ThemeSwitcher.razor(133,50): error RZ1003: A space or line break was encountered after the "@" character.  Only valid identifiers, keywords, comments, "(" and "{" are valid at the start of a code block and they must occur immediately following "@" with no space in between. [C:\Development\Development-Projects\Cruip-Templates\Mosaic-Portal\Blazor-Tailwindcss\MosaicPortal.Web\MosaicPortal.Web.csproj]
C:\Development\Development-Projects\Cruip-Templates\Mosaic-Portal\Blazor-Tailwindcss\MosaicPortal.Web\Components\Shared\ThemeSwitcher.razor(137,49): error RZ1003: A space or line break was encountered after the "@" character.  Only valid identifiers, keywords, comments, "(" and "{" are valid at the start of a code block and they must occur immediately following "@" with no space in between. [C:\Development\Development-Projects\Cruip-Templates\Mosaic-Portal\Blazor-Tailwindcss\MosaicPortal.Web\MosaicPortal.Web.csproj]
C:\Development\Development-Projects\Cruip-Templates\Mosaic-Portal\Blazor-Tailwindcss\MosaicPortal.Web\Components\Shared\ThemeSwitcher.razor(141,51): error RZ1003: A space or line break was encountered after the "@" character.  Only valid identifiers, keywords, comments, "(" and "{" are valid at the start of a code block and they must occur immediately following "@" with no space in between. [C:\Development\Development-Projects\Cruip-Templates\Mosaic-Portal\Blazor-Tailwindcss\MosaicPortal.Web\MosaicPortal.Web.csproj]
C:\Development\Development-Projects\Cruip-Templates\Mosaic-Portal\Blazor-Tailwindcss\MosaicPortal.Web\Components\Shared\InfiniteScroll.razor(62,5): error CS8802: Only one compilation unit can have top-level statements. [C:\Development\Development-Projects\Cruip-Templates\Mosaic-Portal\Blazor-Tailwindcss\MosaicPortal.Web\MosaicPortal.Web.csproj]
C:\Development\Development-Projects\Cruip-Templates\Mosaic-Portal\Blazor-Tailwindcss\MosaicPortal.Web\Components\Pages\Utilities.razor(187,33): error CS0426: The type name 'TourStep' does not exist in the type 'OnboardingTour' [C:\Development\Development-Projects\Cruip-Templates\Mosaic-Portal\Blazor-Tailwindcss\MosaicPortal.Web\MosaicPortal.Web.csproj]
C:\Development\Development-Projects\Cruip-Templates\Mosaic-Portal\Blazor-Tailwindcss\MosaicPortal.Web\Components\Shared\InfiniteScroll.razor(58,19): error CS0246: The type or namespace name 'OnLoadMore' could not be found (are you missing a using directive or an assembly reference?) [C:\Development\Development-Projects\Cruip-Templates\Mosaic-Portal\Blazor-Tailwindcss\MosaicPortal.Web\MosaicPortal.Web.csproj]
C:\Development\Development-Projects\Cruip-Templates\Mosaic-Portal\Blazor-Tailwindcss\MosaicPortal.Web\Components\Shared\ModalBasic.razor(30,5): error CS0246: The type or namespace name 'await' could not be found (are you missing a using directive or an assembly reference?) [C:\Development\Development-Projects\Cruip-Templates\Mosaic-Portal\Blazor-Tailwindcss\MosaicPortal.Web\MosaicPortal.Web.csproj]
C:\Development\Development-Projects\Cruip-Templates\Mosaic-Portal\Blazor-Tailwindcss\MosaicPortal.Web\Components\Shared\ModalBasic.razor(30,11): error CS0501: 'ModalBasic.Close()' must declare a body because it is not marked abstract, extern, or partial [C:\Development\Development-Projects\Cruip-Templates\Mosaic-Portal\Blazor-Tailwindcss\MosaicPortal.Web\MosaicPortal.Web.csproj]
C:\Development\Development-Projects\Cruip-Templates\Mosaic-Portal\Blazor-Tailwindcss\MosaicPortal.Web\Components\Shared\InfiniteScroll.razor(58,13): error CS0246: The type or namespace name 'await' could not be found (are you missing a using directive or an assembly reference?) [C:\Development\Development-Projects\Cruip-Templates\Mosaic-Portal\Blazor-Tailwindcss\MosaicPortal.Web\MosaicPortal.Web.csproj]
C:\Development\Development-Projects\Cruip-Templates\Mosaic-Portal\Blazor-Tailwindcss\MosaicPortal.Web\Components\Shared\InfiniteScroll.razor(58,19): error CS0538: 'OnLoadMore' in explicit interface declaration is not an interface [C:\Development\Development-Projects\Cruip-Templates\Mosaic-Portal\Blazor-Tailwindcss\MosaicPortal.Web\MosaicPortal.Web.csproj]
C:\Development\Development-Projects\Cruip-Templates\Mosaic-Portal\Blazor-Tailwindcss\MosaicPortal.Web\Components\Shared\InfiniteScroll.razor(58,30): error CS0501: 'InfiniteScroll.InvokeAsync()' must declare a body because it is not marked abstract, extern, or partial [C:\Development\Development-Projects\Cruip-Templates\Mosaic-Portal\Blazor-Tailwindcss\MosaicPortal.Web\MosaicPortal.Web.csproj]
C:\Development\Development-Projects\Cruip-Templates\Mosaic-Portal\Blazor-Tailwindcss\MosaicPortal.Web\Components\Shared\InfiniteScroll.razor(54,18): error CS0548: 'InfiniteScroll.isInitialized': property or indexer must have at least one accessor [C:\Development\Development-Projects\Cruip-Templates\Mosaic-Portal\Blazor-Tailwindcss\MosaicPortal.Web\MosaicPortal.Web.csproj]
C:\Development\Development-Projects\Cruip-Templates\Mosaic-Portal\Blazor-Tailwindcss\MosaicPortal.Web\Components\Shared\OnboardingTour.razor(96,9): error CS1520: Method must have a return type [C:\Development\Development-Projects\Cruip-Templates\Mosaic-Portal\Blazor-Tailwindcss\MosaicPortal.Web\MosaicPortal.Web.csproj]
C:\Development\Development-Projects\Cruip-Templates\Mosaic-Portal\Blazor-Tailwindcss\MosaicPortal.Web\Components\Shared\OnboardingTour.razor(96,9): error CS0501: 'OnboardingTour.OnboardingTour()' must declare a body because it is not marked abstract, extern, or partial [C:\Development\Development-Projects\Cruip-Templates\Mosaic-Portal\Blazor-Tailwindcss\MosaicPortal.Web\MosaicPortal.Web.csproj]
C:\Development\Development-Projects\Cruip-Templates\Mosaic-Portal\Blazor-Tailwindcss\MosaicPortal.Web\Components\Shared\OnboardingTour.razor(86,29): error CS0246: The type or namespace name 'TourStep' could not be found (are you missing a using directive or an assembly reference?) [C:\Development\Development-Projects\Cruip-Templates\Mosaic-Portal\Blazor-Tailwindcss\MosaicPortal.Web\MosaicPortal.Web.csproj]
C:\Development\Development-Projects\Cruip-Templates\Mosaic-Portal\Blazor-Tailwindcss\MosaicPortal.Web\Components\Shared\OnboardingTour.razor(95,9): error CS0246: The type or namespace name 'await' could not be found (are you missing a using directive or an assembly reference?) [C:\Development\Development-Projects\Cruip-Templates\Mosaic-Portal\Blazor-Tailwindcss\MosaicPortal.Web\MosaicPortal.Web.csproj]
C:\Development\Development-Projects\Cruip-Templates\Mosaic-Portal\Blazor-Tailwindcss\MosaicPortal.Web\Components\Shared\OnboardingTour.razor(95,15): error CS0501: 'OnboardingTour.UpdatePositions()' must declare a body because it is not marked abstract, extern, or partial [C:\Development\Development-Projects\Cruip-Templates\Mosaic-Portal\Blazor-Tailwindcss\MosaicPortal.Web\MosaicPortal.Web.csproj]
C:\Development\Development-Projects\Cruip-Templates\Mosaic-Portal\Blazor-Tailwindcss\MosaicPortal.Web\Components\Shared\GlobalSearch.razor(182,29): error CS0246: The type or namespace name 'SearchResult' could not be found (are you missing a using directive or an assembly reference?) [C:\Development\Development-Projects\Cruip-Templates\Mosaic-Portal\Blazor-Tailwindcss\MosaicPortal.Web\MosaicPortal.Web.csproj]
C:\Development\Development-Projects\Cruip-Templates\Mosaic-Portal\Blazor-Tailwindcss\MosaicPortal.Web\Components\Shared\GlobalSearch.razor(183,38): error CS0246: The type or namespace name 'SearchResult' could not be found (are you missing a using directive or an assembly reference?) [C:\Development\Development-Projects\Cruip-Templates\Mosaic-Portal\Blazor-Tailwindcss\MosaicPortal.Web\MosaicPortal.Web.csproj]
C:\Development\Development-Projects\Cruip-Templates\Mosaic-Portal\Blazor-Tailwindcss\MosaicPortal.Web\Components\Shared\GlobalSearch.razor(191,18): error CS0246: The type or namespace name 'SearchResult' could not be found (are you missing a using directive or an assembly reference?) [C:\Development\Development-Projects\Cruip-Templates\Mosaic-Portal\Blazor-Tailwindcss\MosaicPortal.Web\MosaicPortal.Web.csproj]
C:\Development\Development-Projects\Cruip-Templates\Mosaic-Portal\Blazor-Tailwindcss\MosaicPortal.Web\Components\Shared\GlobalSearch.razor(204,18): error CS0246: The type or namespace name 'QuickAction' could not be found (are you missing a using directive or an assembly reference?) [C:\Development\Development-Projects\Cruip-Templates\Mosaic-Portal\Blazor-Tailwindcss\MosaicPortal.Web\MosaicPortal.Web.csproj]
C:\Development\Development-Projects\Cruip-Templates\Mosaic-Portal\Blazor-Tailwindcss\MosaicPortal.Web\Components\Shared\GlobalSearch.razor(211,18): error CS0246: The type or namespace name 'SearchResult' could not be found (are you missing a using directive or an assembly reference?) [C:\Development\Development-Projects\Cruip-Templates\Mosaic-Portal\Blazor-Tailwindcss\MosaicPortal.Web\MosaicPortal.Web.csproj]
C:\Development\Development-Projects\Cruip-Templates\Mosaic-Portal\Blazor-Tailwindcss\MosaicPortal.Web\Components\Shared\GlobalSearch.razor(213,18): error CS0246: The type or namespace name 'SearchResult' could not be found (are you missing a using directive or an assembly reference?) [C:\Development\Development-Projects\Cruip-Templates\Mosaic-Portal\Blazor-Tailwindcss\MosaicPortal.Web\MosaicPortal.Web.csproj]
C:\Development\Development-Projects\Cruip-Templates\Mosaic-Portal\Blazor-Tailwindcss\MosaicPortal.Web\Components\Shared\GlobalSearch.razor(290,37): error CS0246: The type or namespace name 'SearchResult' could not be found (are you missing a using directive or an assembly reference?) [C:\Development\Development-Projects\Cruip-Templates\Mosaic-Portal\Blazor-Tailwindcss\MosaicPortal.Web\MosaicPortal.Web.csproj]
C:\Development\Development-Projects\Cruip-Templates\Mosaic-Portal\Blazor-Tailwindcss\MosaicPortal.Web\Components\Shared\GlobalSearch.razor(308,5): error CS0825: The contextual keyword 'var' may only appear within a local variable declaration or in script code [C:\Development\Development-Projects\Cruip-Templates\Mosaic-Portal\Blazor-Tailwindcss\MosaicPortal.Web\MosaicPortal.Web.csproj]
C:\Development\Development-Projects\Cruip-Templates\Mosaic-Portal\Blazor-Tailwindcss\MosaicPortal.Web\Components\Shared\Modal.razor(38,5): error CS1520: Method must have a return type [C:\Development\Development-Projects\Cruip-Templates\Mosaic-Portal\Blazor-Tailwindcss\MosaicPortal.Web\MosaicPortal.Web.csproj]
C:\Development\Development-Projects\Cruip-Templates\Mosaic-Portal\Blazor-Tailwindcss\MosaicPortal.Web\Components\Shared\Modal.razor(38,5): error CS0501: 'Modal.Modal()' must declare a body because it is not marked abstract, extern, or partial [C:\Development\Development-Projects\Cruip-Templates\Mosaic-Portal\Blazor-Tailwindcss\MosaicPortal.Web\MosaicPortal.Web.csproj]

Build FAILED.

C:\Development\Development-Projects\Cruip-Templates\Mosaic-Portal\Blazor-Tailwindcss\MosaicPortal.Web\Components\Shared\OnboardingTour.razor(107,1): warning RZ10012: Found markup element with unexpected name 'ElementRect'. If this is intended to be a component, add a @using directive for its namespace. [C:\Development\Development-Projects\Cruip-Templates\Mosaic-Portal\Blazor-Tailwindcss\MosaicPortal.Web\MosaicPortal.Web.csproj]
C:\Development\Development-Projects\Cruip-Templates\Mosaic-Portal\Blazor-Tailwindcss\MosaicPortal.Web\Components\Shared\GlobalSearch.razor(330,11): error RZ9980: Unclosed tag '' with no matching end tag. [C:\Development\Development-Projects\Cruip-Templates\Mosaic-Portal\Blazor-Tailwindcss\MosaicPortal.Web\MosaicPortal.Web.csproj]
C:\Development\Development-Projects\Cruip-Templates\Mosaic-Portal\Blazor-Tailwindcss\MosaicPortal.Web\Components\Shared\GlobalSearch.razor(330,15): error RZ10007: The attribute 'return' is used two or more times for this element. Attributes must be unique (case-insensitive). [C:\Development\Development-Projects\Cruip-Templates\Mosaic-Portal\Blazor-Tailwindcss\MosaicPortal.Web\MosaicPortal.Web.csproj]
C:\Development\Development-Projects\Cruip-Templates\Mosaic-Portal\Blazor-Tailwindcss\MosaicPortal.Web\Components\Shared\GlobalSearch.razor(334,49): error RZ1003: A space or line break was encountered after the "@" character.  Only valid identifiers, keywords, comments, "(" and "{" are valid at the start of a code block and they must occur immediately following "@" with no space in between. [C:\Development\Development-Projects\Cruip-Templates\Mosaic-Portal\Blazor-Tailwindcss\MosaicPortal.Web\MosaicPortal.Web.csproj]
C:\Development\Development-Projects\Cruip-Templates\Mosaic-Portal\Blazor-Tailwindcss\MosaicPortal.Web\Components\Shared\GlobalSearch.razor(339,53): error RZ1003: A space or line break was encountered after the "@" character.  Only valid identifiers, keywords, comments, "(" and "{" are valid at the start of a code block and they must occur immediately following "@" with no space in between. [C:\Development\Development-Projects\Cruip-Templates\Mosaic-Portal\Blazor-Tailwindcss\MosaicPortal.Web\MosaicPortal.Web.csproj]
C:\Development\Development-Projects\Cruip-Templates\Mosaic-Portal\Blazor-Tailwindcss\MosaicPortal.Web\Components\Shared\GlobalSearch.razor(344,51): error RZ1003: A space or line break was encountered after the "@" character.  Only valid identifiers, keywords, comments, "(" and "{" are valid at the start of a code block and they must occur immediately following "@" with no space in between. [C:\Development\Development-Projects\Cruip-Templates\Mosaic-Portal\Blazor-Tailwindcss\MosaicPortal.Web\MosaicPortal.Web.csproj]
C:\Development\Development-Projects\Cruip-Templates\Mosaic-Portal\Blazor-Tailwindcss\MosaicPortal.Web\Components\Shared\GlobalSearch.razor(349,48): error RZ1003: A space or line break was encountered after the "@" character.  Only valid identifiers, keywords, comments, "(" and "{" are valid at the start of a code block and they must occur immediately following "@" with no space in between. [C:\Development\Development-Projects\Cruip-Templates\Mosaic-Portal\Blazor-Tailwindcss\MosaicPortal.Web\MosaicPortal.Web.csproj]
C:\Development\Development-Projects\Cruip-Templates\Mosaic-Portal\Blazor-Tailwindcss\MosaicPortal.Web\Components\Shared\GlobalSearch.razor(354,50): error RZ1003: A space or line break was encountered after the "@" character.  Only valid identifiers, keywords, comments, "(" and "{" are valid at the start of a code block and they must occur immediately following "@" with no space in between. [C:\Development\Development-Projects\Cruip-Templates\Mosaic-Portal\Blazor-Tailwindcss\MosaicPortal.Web\MosaicPortal.Web.csproj]
C:\Development\Development-Projects\Cruip-Templates\Mosaic-Portal\Blazor-Tailwindcss\MosaicPortal.Web\Components\Shared\GlobalSearch.razor(359,52): error RZ1003: A space or line break was encountered after the "@" character.  Only valid identifiers, keywords, comments, "(" and "{" are valid at the start of a code block and they must occur immediately following "@" with no space in between. [C:\Development\Development-Projects\Cruip-Templates\Mosaic-Portal\Blazor-Tailwindcss\MosaicPortal.Web\MosaicPortal.Web.csproj]
C:\Development\Development-Projects\Cruip-Templates\Mosaic-Portal\Blazor-Tailwindcss\MosaicPortal.Web\Components\Shared\GlobalSearch.razor(360,1): error RZ9980: Unclosed tag 'svg' with no matching end tag. [C:\Development\Development-Projects\Cruip-Templates\Mosaic-Portal\Blazor-Tailwindcss\MosaicPortal.Web\MosaicPortal.Web.csproj]
C:\Development\Development-Projects\Cruip-Templates\Mosaic-Portal\Blazor-Tailwindcss\MosaicPortal.Web\Components\Shared\InfiniteScroll.razor(38,1): error RZ9981: Unexpected closing tag 'div' with no matching start tag. [C:\Development\Development-Projects\Cruip-Templates\Mosaic-Portal\Blazor-Tailwindcss\MosaicPortal.Web\MosaicPortal.Web.csproj]
C:\Development\Development-Projects\Cruip-Templates\Mosaic-Portal\Blazor-Tailwindcss\MosaicPortal.Web\Components\Shared\ModalBlank.razor(3,2): error RZ1006: The if block is missing a closing "}" character.  Make sure you have a matching "}" character for all the "{" characters within this block, and that none of the "}" characters are being interpreted as markup. [C:\Development\Development-Projects\Cruip-Templates\Mosaic-Portal\Blazor-Tailwindcss\MosaicPortal.Web\MosaicPortal.Web.csproj]
C:\Development\Development-Projects\Cruip-Templates\Mosaic-Portal\Blazor-Tailwindcss\MosaicPortal.Web\Components\Shared\ModalBlank.razor(9,5): error RZ9980: Unclosed tag 'div' with no matching end tag. [C:\Development\Development-Projects\Cruip-Templates\Mosaic-Portal\Blazor-Tailwindcss\MosaicPortal.Web\MosaicPortal.Web.csproj]
C:\Development\Development-Projects\Cruip-Templates\Mosaic-Portal\Blazor-Tailwindcss\MosaicPortal.Web\Components\Shared\ModalBlank.razor(9,6): error RZ1025: The "div" element was not closed.  All elements must be either self-closing or have a matching end tag. [C:\Development\Development-Projects\Cruip-Templates\Mosaic-Portal\Blazor-Tailwindcss\MosaicPortal.Web\MosaicPortal.Web.csproj]
C:\Development\Development-Projects\Cruip-Templates\Mosaic-Portal\Blazor-Tailwindcss\MosaicPortal.Web\Components\Shared\ModalBlank.razor(10,6): error RZ1034: Found a malformed 'div' tag helper. Tag helpers must have a start and end tag or be self closing. [C:\Development\Development-Projects\Cruip-Templates\Mosaic-Portal\Blazor-Tailwindcss\MosaicPortal.Web\MosaicPortal.Web.csproj]
C:\Development\Development-Projects\Cruip-Templates\Mosaic-Portal\Blazor-Tailwindcss\MosaicPortal.Web\Components\Shared\ModalSearch.razor(3,2): error RZ1006: The if block is missing a closing "}" character.  Make sure you have a matching "}" character for all the "{" characters within this block, and that none of the "}" characters are being interpreted as markup. [C:\Development\Development-Projects\Cruip-Templates\Mosaic-Portal\Blazor-Tailwindcss\MosaicPortal.Web\MosaicPortal.Web.csproj]
C:\Development\Development-Projects\Cruip-Templates\Mosaic-Portal\Blazor-Tailwindcss\MosaicPortal.Web\Components\Shared\ModalSearch.razor(9,5): error RZ9980: Unclosed tag 'div' with no matching end tag. [C:\Development\Development-Projects\Cruip-Templates\Mosaic-Portal\Blazor-Tailwindcss\MosaicPortal.Web\MosaicPortal.Web.csproj]
C:\Development\Development-Projects\Cruip-Templates\Mosaic-Portal\Blazor-Tailwindcss\MosaicPortal.Web\Components\Shared\ModalSearch.razor(9,6): error RZ1025: The "div" element was not closed.  All elements must be either self-closing or have a matching end tag. [C:\Development\Development-Projects\Cruip-Templates\Mosaic-Portal\Blazor-Tailwindcss\MosaicPortal.Web\MosaicPortal.Web.csproj]
C:\Development\Development-Projects\Cruip-Templates\Mosaic-Portal\Blazor-Tailwindcss\MosaicPortal.Web\Components\Shared\ModalSearch.razor(10,6): error RZ1034: Found a malformed 'div' tag helper. Tag helpers must have a start and end tag or be self closing. [C:\Development\Development-Projects\Cruip-Templates\Mosaic-Portal\Blazor-Tailwindcss\MosaicPortal.Web\MosaicPortal.Web.csproj]
C:\Development\Development-Projects\Cruip-Templates\Mosaic-Portal\Blazor-Tailwindcss\MosaicPortal.Web\Components\Shared\ModalSearch.razor(24,5): error RZ9980: Unclosed tag 'div' with no matching end tag. [C:\Development\Development-Projects\Cruip-Templates\Mosaic-Portal\Blazor-Tailwindcss\MosaicPortal.Web\MosaicPortal.Web.csproj]
C:\Development\Development-Projects\Cruip-Templates\Mosaic-Portal\Blazor-Tailwindcss\MosaicPortal.Web\Components\Shared\OnboardingTour.razor(107,1): error RZ9980: Unclosed tag 'ElementRect' with no matching end tag. [C:\Development\Development-Projects\Cruip-Templates\Mosaic-Portal\Blazor-Tailwindcss\MosaicPortal.Web\MosaicPortal.Web.csproj]
C:\Development\Development-Projects\Cruip-Templates\Mosaic-Portal\Blazor-Tailwindcss\MosaicPortal.Web\Components\Shared\OnboardingTour.razor(142,22): error RZ9980: Unclosed tag '' with no matching end tag. [C:\Development\Development-Projects\Cruip-Templates\Mosaic-Portal\Blazor-Tailwindcss\MosaicPortal.Web\MosaicPortal.Web.csproj]
C:\Development\Development-Projects\Cruip-Templates\Mosaic-Portal\Blazor-Tailwindcss\MosaicPortal.Web\Components\Shared\OnboardingTour.razor(142,40): error RZ10007: The attribute '{' is used two or more times for this element. Attributes must be unique (case-insensitive). [C:\Development\Development-Projects\Cruip-Templates\Mosaic-Portal\Blazor-Tailwindcss\MosaicPortal.Web\MosaicPortal.Web.csproj]
C:\Development\Development-Projects\Cruip-Templates\Mosaic-Portal\Blazor-Tailwindcss\MosaicPortal.Web\Components\Shared\OnboardingTour.razor(145,25): error RZ10007: The attribute '}' is used two or more times for this element. Attributes must be unique (case-insensitive). [C:\Development\Development-Projects\Cruip-Templates\Mosaic-Portal\Blazor-Tailwindcss\MosaicPortal.Web\MosaicPortal.Web.csproj]
C:\Development\Development-Projects\Cruip-Templates\Mosaic-Portal\Blazor-Tailwindcss\MosaicPortal.Web\Components\Shared\ThemeSwitcher.razor(24,1): error RZ9981: Unexpected closing tag 'div' with no matching start tag. [C:\Development\Development-Projects\Cruip-Templates\Mosaic-Portal\Blazor-Tailwindcss\MosaicPortal.Web\MosaicPortal.Web.csproj]
C:\Development\Development-Projects\Cruip-Templates\Mosaic-Portal\Blazor-Tailwindcss\MosaicPortal.Web\Components\Shared\ThemeSwitcher.razor(51,1): error RZ9981: Unexpected closing tag 'div' with no matching start tag. [C:\Development\Development-Projects\Cruip-Templates\Mosaic-Portal\Blazor-Tailwindcss\MosaicPortal.Web\MosaicPortal.Web.csproj]
C:\Development\Development-Projects\Cruip-Templates\Mosaic-Portal\Blazor-Tailwindcss\MosaicPortal.Web\Components\Shared\ThemeSwitcher.razor(61,1): error RZ9980: Unclosed tag 'string' with no matching end tag. [C:\Development\Development-Projects\Cruip-Templates\Mosaic-Portal\Blazor-Tailwindcss\MosaicPortal.Web\MosaicPortal.Web.csproj]
C:\Development\Development-Projects\Cruip-Templates\Mosaic-Portal\Blazor-Tailwindcss\MosaicPortal.Web\Components\Shared\ThemeSwitcher.razor(72,1): error RZ9980: Unclosed tag 'string' with no matching end tag. [C:\Development\Development-Projects\Cruip-Templates\Mosaic-Portal\Blazor-Tailwindcss\MosaicPortal.Web\MosaicPortal.Web.csproj]
C:\Development\Development-Projects\Cruip-Templates\Mosaic-Portal\Blazor-Tailwindcss\MosaicPortal.Web\Components\Shared\ThemeSwitcher.razor(133,50): error RZ1003: A space or line break was encountered after the "@" character.  Only valid identifiers, keywords, comments, "(" and "{" are valid at the start of a code block and they must occur immediately following "@" with no space in between. [C:\Development\Development-Projects\Cruip-Templates\Mosaic-Portal\Blazor-Tailwindcss\MosaicPortal.Web\MosaicPortal.Web.csproj]
C:\Development\Development-Projects\Cruip-Templates\Mosaic-Portal\Blazor-Tailwindcss\MosaicPortal.Web\Components\Shared\ThemeSwitcher.razor(137,49): error RZ1003: A space or line break was encountered after the "@" character.  Only valid identifiers, keywords, comments, "(" and "{" are valid at the start of a code block and they must occur immediately following "@" with no space in between. [C:\Development\Development-Projects\Cruip-Templates\Mosaic-Portal\Blazor-Tailwindcss\MosaicPortal.Web\MosaicPortal.Web.csproj]
C:\Development\Development-Projects\Cruip-Templates\Mosaic-Portal\Blazor-Tailwindcss\MosaicPortal.Web\Components\Shared\ThemeSwitcher.razor(141,51): error RZ1003: A space or line break was encountered after the "@" character.  Only valid identifiers, keywords, comments, "(" and "{" are valid at the start of a code block and they must occur immediately following "@" with no space in between. [C:\Development\Development-Projects\Cruip-Templates\Mosaic-Portal\Blazor-Tailwindcss\MosaicPortal.Web\MosaicPortal.Web.csproj]
C:\Development\Development-Projects\Cruip-Templates\Mosaic-Portal\Blazor-Tailwindcss\MosaicPortal.Web\Components\Shared\InfiniteScroll.razor(62,5): error CS8802: Only one compilation unit can have top-level statements. [C:\Development\Development-Projects\Cruip-Templates\Mosaic-Portal\Blazor-Tailwindcss\MosaicPortal.Web\MosaicPortal.Web.csproj]
C:\Development\Development-Projects\Cruip-Templates\Mosaic-Portal\Blazor-Tailwindcss\MosaicPortal.Web\Components\Pages\Utilities.razor(187,33): error CS0426: The type name 'TourStep' does not exist in the type 'OnboardingTour' [C:\Development\Development-Projects\Cruip-Templates\Mosaic-Portal\Blazor-Tailwindcss\MosaicPortal.Web\MosaicPortal.Web.csproj]
C:\Development\Development-Projects\Cruip-Templates\Mosaic-Portal\Blazor-Tailwindcss\MosaicPortal.Web\Components\Shared\InfiniteScroll.razor(58,19): error CS0246: The type or namespace name 'OnLoadMore' could not be found (are you missing a using directive or an assembly reference?) [C:\Development\Development-Projects\Cruip-Templates\Mosaic-Portal\Blazor-Tailwindcss\MosaicPortal.Web\MosaicPortal.Web.csproj]
C:\Development\Development-Projects\Cruip-Templates\Mosaic-Portal\Blazor-Tailwindcss\MosaicPortal.Web\Components\Shared\ModalBasic.razor(30,5): error CS0246: The type or namespace name 'await' could not be found (are you missing a using directive or an assembly reference?) [C:\Development\Development-Projects\Cruip-Templates\Mosaic-Portal\Blazor-Tailwindcss\MosaicPortal.Web\MosaicPortal.Web.csproj]
C:\Development\Development-Projects\Cruip-Templates\Mosaic-Portal\Blazor-Tailwindcss\MosaicPortal.Web\Components\Shared\ModalBasic.razor(30,11): error CS0501: 'ModalBasic.Close()' must declare a body because it is not marked abstract, extern, or partial [C:\Development\Development-Projects\Cruip-Templates\Mosaic-Portal\Blazor-Tailwindcss\MosaicPortal.Web\MosaicPortal.Web.csproj]
C:\Development\Development-Projects\Cruip-Templates\Mosaic-Portal\Blazor-Tailwindcss\MosaicPortal.Web\Components\Shared\InfiniteScroll.razor(58,13): error CS0246: The type or namespace name 'await' could not be found (are you missing a using directive or an assembly reference?) [C:\Development\Development-Projects\Cruip-Templates\Mosaic-Portal\Blazor-Tailwindcss\MosaicPortal.Web\MosaicPortal.Web.csproj]
C:\Development\Development-Projects\Cruip-Templates\Mosaic-Portal\Blazor-Tailwindcss\MosaicPortal.Web\Components\Shared\InfiniteScroll.razor(58,19): error CS0538: 'OnLoadMore' in explicit interface declaration is not an interface [C:\Development\Development-Projects\Cruip-Templates\Mosaic-Portal\Blazor-Tailwindcss\MosaicPortal.Web\MosaicPortal.Web.csproj]
C:\Development\Development-Projects\Cruip-Templates\Mosaic-Portal\Blazor-Tailwindcss\MosaicPortal.Web\Components\Shared\InfiniteScroll.razor(58,30): error CS0501: 'InfiniteScroll.InvokeAsync()' must declare a body because it is not marked abstract, extern, or partial [C:\Development\Development-Projects\Cruip-Templates\Mosaic-Portal\Blazor-Tailwindcss\MosaicPortal.Web\MosaicPortal.Web.csproj]
C:\Development\Development-Projects\Cruip-Templates\Mosaic-Portal\Blazor-Tailwindcss\MosaicPortal.Web\Components\Shared\InfiniteScroll.razor(54,18): error CS0548: 'InfiniteScroll.isInitialized': property or indexer must have at least one accessor [C:\Development\Development-Projects\Cruip-Templates\Mosaic-Portal\Blazor-Tailwindcss\MosaicPortal.Web\MosaicPortal.Web.csproj]
C:\Development\Development-Projects\Cruip-Templates\Mosaic-Portal\Blazor-Tailwindcss\MosaicPortal.Web\Components\Shared\OnboardingTour.razor(96,9): error CS1520: Method must have a return type [C:\Development\Development-Projects\Cruip-Templates\Mosaic-Portal\Blazor-Tailwindcss\MosaicPortal.Web\MosaicPortal.Web.csproj]
C:\Development\Development-Projects\Cruip-Templates\Mosaic-Portal\Blazor-Tailwindcss\MosaicPortal.Web\Components\Shared\OnboardingTour.razor(96,9): error CS0501: 'OnboardingTour.OnboardingTour()' must declare a body because it is not marked abstract, extern, or partial [C:\Development\Development-Projects\Cruip-Templates\Mosaic-Portal\Blazor-Tailwindcss\MosaicPortal.Web\MosaicPortal.Web.csproj]
C:\Development\Development-Projects\Cruip-Templates\Mosaic-Portal\Blazor-Tailwindcss\MosaicPortal.Web\Components\Shared\OnboardingTour.razor(86,29): error CS0246: The type or namespace name 'TourStep' could not be found (are you missing a using directive or an assembly reference?) [C:\Development\Development-Projects\Cruip-Templates\Mosaic-Portal\Blazor-Tailwindcss\MosaicPortal.Web\MosaicPortal.Web.csproj]
C:\Development\Development-Projects\Cruip-Templates\Mosaic-Portal\Blazor-Tailwindcss\MosaicPortal.Web\Components\Shared\OnboardingTour.razor(95,9): error CS0246: The type or namespace name 'await' could not be found (are you missing a using directive or an assembly reference?) [C:\Development\Development-Projects\Cruip-Templates\Mosaic-Portal\Blazor-Tailwindcss\MosaicPortal.Web\MosaicPortal.Web.csproj]
C:\Development\Development-Projects\Cruip-Templates\Mosaic-Portal\Blazor-Tailwindcss\MosaicPortal.Web\Components\Shared\OnboardingTour.razor(95,15): error CS0501: 'OnboardingTour.UpdatePositions()' must declare a body because it is not marked abstract, extern, or partial [C:\Development\Development-Projects\Cruip-Templates\Mosaic-Portal\Blazor-Tailwindcss\MosaicPortal.Web\MosaicPortal.Web.csproj]
C:\Development\Development-Projects\Cruip-Templates\Mosaic-Portal\Blazor-Tailwindcss\MosaicPortal.Web\Components\Shared\GlobalSearch.razor(182,29): error CS0246: The type or namespace name 'SearchResult' could not be found (are you missing a using directive or an assembly reference?) [C:\Development\Development-Projects\Cruip-Templates\Mosaic-Portal\Blazor-Tailwindcss\MosaicPortal.Web\MosaicPortal.Web.csproj]
C:\Development\Development-Projects\Cruip-Templates\Mosaic-Portal\Blazor-Tailwindcss\MosaicPortal.Web\Components\Shared\GlobalSearch.razor(183,38): error CS0246: The type or namespace name 'SearchResult' could not be found (are you missing a using directive or an assembly reference?) [C:\Development\Development-Projects\Cruip-Templates\Mosaic-Portal\Blazor-Tailwindcss\MosaicPortal.Web\MosaicPortal.Web.csproj]
C:\Development\Development-Projects\Cruip-Templates\Mosaic-Portal\Blazor-Tailwindcss\MosaicPortal.Web\Components\Shared\GlobalSearch.razor(191,18): error CS0246: The type or namespace name 'SearchResult' could not be found (are you missing a using directive or an assembly reference?) [C:\Development\Development-Projects\Cruip-Templates\Mosaic-Portal\Blazor-Tailwindcss\MosaicPortal.Web\MosaicPortal.Web.csproj]
C:\Development\Development-Projects\Cruip-Templates\Mosaic-Portal\Blazor-Tailwindcss\MosaicPortal.Web\Components\Shared\GlobalSearch.razor(204,18): error CS0246: The type or namespace name 'QuickAction' could not be found (are you missing a using directive or an assembly reference?) [C:\Development\Development-Projects\Cruip-Templates\Mosaic-Portal\Blazor-Tailwindcss\MosaicPortal.Web\MosaicPortal.Web.csproj]
C:\Development\Development-Projects\Cruip-Templates\Mosaic-Portal\Blazor-Tailwindcss\MosaicPortal.Web\Components\Shared\GlobalSearch.razor(211,18): error CS0246: The type or namespace name 'SearchResult' could not be found (are you missing a using directive or an assembly reference?) [C:\Development\Development-Projects\Cruip-Templates\Mosaic-Portal\Blazor-Tailwindcss\MosaicPortal.Web\MosaicPortal.Web.csproj]
C:\Development\Development-Projects\Cruip-Templates\Mosaic-Portal\Blazor-Tailwindcss\MosaicPortal.Web\Components\Shared\GlobalSearch.razor(213,18): error CS0246: The type or namespace name 'SearchResult' could not be found (are you missing a using directive or an assembly reference?) [C:\Development\Development-Projects\Cruip-Templates\Mosaic-Portal\Blazor-Tailwindcss\MosaicPortal.Web\MosaicPortal.Web.csproj]
C:\Development\Development-Projects\Cruip-Templates\Mosaic-Portal\Blazor-Tailwindcss\MosaicPortal.Web\Components\Shared\GlobalSearch.razor(290,37): error CS0246: The type or namespace name 'SearchResult' could not be found (are you missing a using directive or an assembly reference?) [C:\Development\Development-Projects\Cruip-Templates\Mosaic-Portal\Blazor-Tailwindcss\MosaicPortal.Web\MosaicPortal.Web.csproj]
C:\Development\Development-Projects\Cruip-Templates\Mosaic-Portal\Blazor-Tailwindcss\MosaicPortal.Web\Components\Shared\GlobalSearch.razor(308,5): error CS0825: The contextual keyword 'var' may only appear within a local variable declaration or in script code [C:\Development\Development-Projects\Cruip-Templates\Mosaic-Portal\Blazor-Tailwindcss\MosaicPortal.Web\MosaicPortal.Web.csproj]
C:\Development\Development-Projects\Cruip-Templates\Mosaic-Portal\Blazor-Tailwindcss\MosaicPortal.Web\Components\Shared\Modal.razor(38,5): error CS1520: Method must have a return type [C:\Development\Development-Projects\Cruip-Templates\Mosaic-Portal\Blazor-Tailwindcss\MosaicPortal.Web\MosaicPortal.Web.csproj]
C:\Development\Development-Projects\Cruip-Templates\Mosaic-Portal\Blazor-Tailwindcss\MosaicPortal.Web\Components\Shared\Modal.razor(38,5): error CS0501: 'Modal.Modal()' must declare a body because it is not marked abstract, extern, or partial [C:\Development\Development-Projects\Cruip-Templates\Mosaic-Portal\Blazor-Tailwindcss\MosaicPortal.Web\MosaicPortal.Web.csproj]
    1 Warning(s)
    54 Error(s)

Time Elapsed 00:00:09.57
